<?xml version="1.0" encoding="UTF-8"?>
<testng-results ignored="0" total="4" passed="3" failed="0" skipped="1">
  <reporter-output>
  </reporter-output>
  <suite started-at="2026-02-23T00:14:37 IST" name="Hybrid Framework Suite" finished-at="2026-02-23T00:15:12 IST" duration-ms="34387">
    <groups>
    </groups>
    <test started-at="2026-02-23T00:14:37 IST" name="All Tests" finished-at="2026-02-23T00:15:12 IST" duration-ms="34387">
      <class name="com.automation.tests.PerformanceTests">
        <test-method is-config="true" signature="startTest(java.lang.reflect.Method)[pri:0, instance:com.automation.tests.PerformanceTests@7df587ef]" started-at="2026-02-23T00:14:37 IST" name="startTest" finished-at="2026-02-23T00:14:37 IST" duration-ms="14" status="PASS">
          <params>
            <param index="0">
              <value>
                <![CDATA[public void com.automation.tests.PerformanceTests.testWebPageLoadPerformance() throws java.net.MalformedURLException]]>
              </value>
            </param>
          </params>
          <reporter-output>
          </reporter-output>
        </test-method> <!-- startTest -->
        <test-method is-config="true" signature="startTest(java.lang.reflect.Method)[pri:0, instance:com.automation.tests.PerformanceTests@7df587ef]" started-at="2026-02-23T00:14:37 IST" name="startTest" finished-at="2026-02-23T00:14:37 IST" duration-ms="14" status="SKIP">
          <params>
            <param index="0">
              <value>
                <![CDATA[public void com.automation.tests.PerformanceTests.testApiResponsePerformance()]]>
              </value>
            </param>
          </params>
          <exception class="org.testng.SkipException">
            <message>
              <![CDATA[API Testing is disabled in config.]]>
            </message>
            <full-stacktrace>
              <![CDATA[org.testng.SkipException: API Testing is disabled in config.
at com.automation.tests.BaseTest.checkToggle(BaseTest.java:62)
at com.automation.tests.BaseTest.startTest(BaseTest.java:56)
at java.base/jdk.internal.reflect.DirectMethodHandleAccessor.invoke(DirectMethodHandleAccessor.java:103)
at java.base/java.lang.reflect.Method.invoke(Method.java:580)
at org.testng.internal.invokers.MethodInvocationHelper.invokeMethod(MethodInvocationHelper.java:139)
at org.testng.internal.invokers.MethodInvocationHelper.invokeMethodConsideringTimeout(MethodInvocationHelper.java:69)
at org.testng.internal.invokers.ConfigInvoker.invokeConfigurationMethod(ConfigInvoker.java:390)
at org.testng.internal.invokers.ConfigInvoker.invokeConfigurations(ConfigInvoker.java:325)
at org.testng.internal.invokers.TestInvoker.runConfigMethods(TestInvoker.java:810)
at org.testng.internal.invokers.TestInvoker.invokeMethod(TestInvoker.java:577)
at org.testng.internal.invokers.TestInvoker.invokeTestMethod(TestInvoker.java:227)
at org.testng.internal.invokers.MethodRunner.runInSequence(MethodRunner.java:50)
at org.testng.internal.invokers.TestInvoker$MethodInvocationAgent.invoke(TestInvoker.java:957)
at org.testng.internal.invokers.TestInvoker.invokeTestMethods(TestInvoker.java:200)
at org.testng.internal.invokers.TestMethodWorker.invokeTestMethods(TestMethodWorker.java:148)
at org.testng.internal.invokers.TestMethodWorker.run(TestMethodWorker.java:128)
at java.base/java.util.concurrent.ThreadPoolExecutor.runWorker(ThreadPoolExecutor.java:1144)
at java.base/java.util.concurrent.ThreadPoolExecutor$Worker.run(ThreadPoolExecutor.java:642)
at java.base/java.lang.Thread.run(Thread.java:1583)
]]>
            </full-stacktrace>
          </exception> <!-- org.testng.SkipException -->
          <reporter-output>
          </reporter-output>
        </test-method> <!-- startTest -->
        <test-method signature="testWebPageLoadPerformance()[pri:1, instance:com.automation.tests.PerformanceTests@7df587ef]" started-at="2026-02-23T00:14:37 IST" name="testWebPageLoadPerformance" finished-at="2026-02-23T00:15:02 IST" duration-ms="24384" status="PASS">
          <reporter-output>
          </reporter-output>
        </test-method> <!-- testWebPageLoadPerformance -->
        <test-method signature="testApiResponsePerformance()[pri:2, instance:com.automation.tests.PerformanceTests@7df587ef]" started-at="2026-02-23T00:14:37 IST" name="testApiResponsePerformance" finished-at="2026-02-23T00:14:37 IST" duration-ms="0" status="SKIP">
          <exception class="org.testng.SkipException">
            <message>
              <![CDATA[API Testing is disabled in config.]]>
            </message>
            <full-stacktrace>
              <![CDATA[org.testng.SkipException: API Testing is disabled in config.
at com.automation.tests.BaseTest.checkToggle(BaseTest.java:62)
at com.automation.tests.BaseTest.startTest(BaseTest.java:56)
at java.base/jdk.internal.reflect.DirectMethodHandleAccessor.invoke(DirectMethodHandleAccessor.java:103)
at java.base/java.lang.reflect.Method.invoke(Method.java:580)
at org.testng.internal.invokers.MethodInvocationHelper.invokeMethod(MethodInvocationHelper.java:139)
at org.testng.internal.invokers.MethodInvocationHelper.invokeMethodConsideringTimeout(MethodInvocationHelper.java:69)
at org.testng.internal.invokers.ConfigInvoker.invokeConfigurationMethod(ConfigInvoker.java:390)
at org.testng.internal.invokers.ConfigInvoker.invokeConfigurations(ConfigInvoker.java:325)
at org.testng.internal.invokers.TestInvoker.runConfigMethods(TestInvoker.java:810)
at org.testng.internal.invokers.TestInvoker.invokeMethod(TestInvoker.java:577)
at org.testng.internal.invokers.TestInvoker.invokeTestMethod(TestInvoker.java:227)
at org.testng.internal.invokers.MethodRunner.runInSequence(MethodRunner.java:50)
at org.testng.internal.invokers.TestInvoker$MethodInvocationAgent.invoke(TestInvoker.java:957)
at org.testng.internal.invokers.TestInvoker.invokeTestMethods(TestInvoker.java:200)
at org.testng.internal.invokers.TestMethodWorker.invokeTestMethods(TestMethodWorker.java:148)
at org.testng.internal.invokers.TestMethodWorker.run(TestMethodWorker.java:128)
at java.base/java.util.concurrent.ThreadPoolExecutor.runWorker(ThreadPoolExecutor.java:1144)
at java.base/java.util.concurrent.ThreadPoolExecutor$Worker.run(ThreadPoolExecutor.java:642)
at java.base/java.lang.Thread.run(Thread.java:1583)
]]>
            </full-stacktrace>
          </exception> <!-- org.testng.SkipException -->
          <reporter-output>
          </reporter-output>
        </test-method> <!-- testApiResponsePerformance -->
        <test-method is-config="true" signature="tearDown(org.testng.ITestResult)[pri:0, instance:com.automation.tests.PerformanceTests@7df587ef]" started-at="2026-02-23T00:14:37 IST" name="tearDown" finished-at="2026-02-23T00:14:37 IST" duration-ms="1" status="PASS">
          <params>
            <param index="0">
              <value>
                <![CDATA[[TestResult name={null} status=CREATED method=PerformanceTests.testApiResponsePerformance()[pri:2, instance:com.automation.tests.PerformanceTests@7df587ef] output={null}]]]>
              </value>
            </param>
          </params>
          <reporter-output>
          </reporter-output>
        </test-method> <!-- tearDown -->
        <test-method is-config="true" signature="tearDown(org.testng.ITestResult)[pri:0, instance:com.automation.tests.PerformanceTests@7df587ef]" started-at="2026-02-23T00:15:02 IST" name="tearDown" finished-at="2026-02-23T00:15:02 IST" duration-ms="94" status="PASS">
          <params>
            <param index="0">
              <value>
                <![CDATA[[TestResult name=testWebPageLoadPerformance status=SUCCESS method=PerformanceTests.testWebPageLoadPerformance()[pri:1, instance:com.automation.tests.PerformanceTests@7df587ef] output={null}]]]>
              </value>
            </param>
          </params>
          <reporter-output>
          </reporter-output>
        </test-method> <!-- tearDown -->
      </class> <!-- com.automation.tests.PerformanceTests -->
      <class name="com.automation.tests.MasterSuiteTests">
        <test-method is-config="true" signature="setupSuite()[pri:0, instance:com.automation.tests.MasterSuiteTests@5c1bd44c]" started-at="2026-02-23T00:14:37 IST" name="setupSuite" finished-at="2026-02-23T00:14:37 IST" duration-ms="335" status="PASS">
          <reporter-output>
          </reporter-output>
        </test-method> <!-- setupSuite -->
        <test-method is-config="true" signature="startTest(java.lang.reflect.Method)[pri:0, instance:com.automation.tests.MasterSuiteTests@5c1bd44c]" started-at="2026-02-23T00:14:37 IST" name="startTest" finished-at="2026-02-23T00:14:37 IST" duration-ms="14" status="PASS">
          <params>
            <param index="0">
              <value>
                <![CDATA[public void com.automation.tests.MasterSuiteTests.verifyOrangeHrmQuickLaunch() throws java.net.MalformedURLException]]>
              </value>
            </param>
          </params>
          <reporter-output>
          </reporter-output>
        </test-method> <!-- startTest -->
        <test-method signature="verifyOrangeHrmQuickLaunch()[pri:1, instance:com.automation.tests.MasterSuiteTests@5c1bd44c]" started-at="2026-02-23T00:14:37 IST" name="verifyOrangeHrmQuickLaunch" finished-at="2026-02-23T00:14:57 IST" duration-ms="19334" status="PASS">
          <reporter-output>
          </reporter-output>
        </test-method> <!-- verifyOrangeHrmQuickLaunch -->
        <test-method is-config="true" signature="startTest(java.lang.reflect.Method)[pri:0, instance:com.automation.tests.MasterSuiteTests@5c1bd44c]" started-at="2026-02-23T00:14:37 IST" name="startTest" finished-at="2026-02-23T00:14:37 IST" duration-ms="1" status="PASS">
          <params>
            <param index="0">
              <value>
                <![CDATA[public void com.automation.tests.MasterSuiteTests.verifyOrangeHrmMobileView() throws java.net.MalformedURLException]]>
              </value>
            </param>
          </params>
          <reporter-output>
          </reporter-output>
        </test-method> <!-- startTest -->
        <test-method signature="verifyOrangeHrmMobileView()[pri:2, instance:com.automation.tests.MasterSuiteTests@5c1bd44c]" started-at="2026-02-23T00:14:37 IST" name="verifyOrangeHrmMobileView" finished-at="2026-02-23T00:15:11 IST" duration-ms="34199" status="PASS">
          <reporter-output>
          </reporter-output>
        </test-method> <!-- verifyOrangeHrmMobileView -->
        <test-method is-config="true" signature="tearDown(org.testng.ITestResult)[pri:0, instance:com.automation.tests.MasterSuiteTests@5c1bd44c]" started-at="2026-02-23T00:14:57 IST" name="tearDown" finished-at="2026-02-23T00:14:57 IST" duration-ms="118" status="PASS">
          <params>
            <param index="0">
              <value>
                <![CDATA[[TestResult name=verifyOrangeHrmQuickLaunch status=SUCCESS method=MasterSuiteTests.verifyOrangeHrmQuickLaunch()[pri:1, instance:com.automation.tests.MasterSuiteTests@5c1bd44c] output={null}]]]>
              </value>
            </param>
          </params>
          <reporter-output>
          </reporter-output>
        </test-method> <!-- tearDown -->
        <test-method is-config="true" signature="tearDown(org.testng.ITestResult)[pri:0, instance:com.automation.tests.MasterSuiteTests@5c1bd44c]" started-at="2026-02-23T00:15:11 IST" name="tearDown" finished-at="2026-02-23T00:15:12 IST" duration-ms="93" status="PASS">
          <params>
            <param index="0">
              <value>
                <![CDATA[[TestResult name=verifyOrangeHrmMobileView status=SUCCESS method=MasterSuiteTests.verifyOrangeHrmMobileView()[pri:2, instance:com.automation.tests.MasterSuiteTests@5c1bd44c] output={null}]]]>
              </value>
            </param>
          </params>
          <reporter-output>
          </reporter-output>
        </test-method> <!-- tearDown -->
        <test-method is-config="true" signature="generateReport()[pri:0, instance:com.automation.tests.MasterSuiteTests@5c1bd44c]" started-at="2026-02-23T00:15:12 IST" name="generateReport" finished-at="2026-02-23T00:15:12 IST" duration-ms="477" status="PASS">
          <reporter-output>
          </reporter-output>
        </test-method> <!-- generateReport -->
      </class> <!-- com.automation.tests.MasterSuiteTests -->
    </test> <!-- All Tests -->
  </suite> <!-- Hybrid Framework Suite -->
</testng-results>
