<?xml version="1.0" encoding="UTF-8"?>
<testng-results ignored="0" total="7" passed="6" failed="0" skipped="1">
  <reporter-output>
  </reporter-output>
  <suite started-at="2026-02-22T21:10:49 IST" name="Hybrid Framework Suite" finished-at="2026-02-22T21:12:24 IST" duration-ms="95585">
    <groups>
    </groups>
    <test started-at="2026-02-22T21:10:49 IST" name="Functional and Performance Tests" finished-at="2026-02-22T21:12:24 IST" duration-ms="95585">
      <class name="com.automation.tests.PerformanceTests">
        <test-method is-config="true" signature="startTest(java.lang.reflect.Method)[pri:0, instance:com.automation.tests.PerformanceTests@4152d38d]" started-at="2026-02-22T21:12:19 IST" name="startTest" finished-at="2026-02-22T21:12:19 IST" duration-ms="1" status="PASS">
          <params>
            <param index="0">
              <value>
                <![CDATA[public void com.automation.tests.PerformanceTests.testWebPageLoadPerformance() throws java.net.MalformedURLException]]>
              </value>
            </param>
          </params>
          <reporter-output>
          </reporter-output>
        </test-method> <!-- startTest -->
        <test-method signature="testWebPageLoadPerformance()[pri:1, instance:com.automation.tests.PerformanceTests@4152d38d]" started-at="2026-02-22T21:12:19 IST" name="testWebPageLoadPerformance" finished-at="2026-02-22T21:12:24 IST" duration-ms="5197" status="PASS">
          <reporter-output>
          </reporter-output>
        </test-method> <!-- testWebPageLoadPerformance -->
        <test-method is-config="true" signature="tearDown(org.testng.ITestResult)[pri:0, instance:com.automation.tests.PerformanceTests@4152d38d]" started-at="2026-02-22T21:12:24 IST" name="tearDown" finished-at="2026-02-22T21:12:24 IST" duration-ms="194" status="PASS">
          <params>
            <param index="0">
              <value>
                <![CDATA[[TestResult name=testWebPageLoadPerformance status=SUCCESS method=PerformanceTests.testWebPageLoadPerformance()[pri:1, instance:com.automation.tests.PerformanceTests@4152d38d] output={null}]]]>
              </value>
            </param>
          </params>
          <reporter-output>
          </reporter-output>
        </test-method> <!-- tearDown -->
        <test-method is-config="true" signature="startTest(java.lang.reflect.Method)[pri:0, instance:com.automation.tests.PerformanceTests@4152d38d]" started-at="2026-02-22T21:12:24 IST" name="startTest" finished-at="2026-02-22T21:12:24 IST" duration-ms="1" status="SKIP">
          <params>
            <param index="0">
              <value>
                <![CDATA[public void com.automation.tests.PerformanceTests.testApiResponsePerformance()]]>
              </value>
            </param>
          </params>
          <exception class="org.testng.SkipException">
            <message>
              <![CDATA[API Testing is disabled in config.]]>
            </message>
            <full-stacktrace>
              <![CDATA[org.testng.SkipException: API Testing is disabled in config.
at com.automation.tests.BaseTest.checkToggle(BaseTest.java:55)
at com.automation.tests.BaseTest.startTest(BaseTest.java:49)
at java.base/jdk.internal.reflect.DirectMethodHandleAccessor.invoke(DirectMethodHandleAccessor.java:103)
at java.base/java.lang.reflect.Method.invoke(Method.java:580)
at org.testng.internal.invokers.MethodInvocationHelper.invokeMethod(MethodInvocationHelper.java:139)
at org.testng.internal.invokers.MethodInvocationHelper.invokeMethodConsideringTimeout(MethodInvocationHelper.java:69)
at org.testng.internal.invokers.ConfigInvoker.invokeConfigurationMethod(ConfigInvoker.java:390)
at org.testng.internal.invokers.ConfigInvoker.invokeConfigurations(ConfigInvoker.java:325)
at org.testng.internal.invokers.TestInvoker.runConfigMethods(TestInvoker.java:810)
at org.testng.internal.invokers.TestInvoker.invokeMethod(TestInvoker.java:577)
at org.testng.internal.invokers.TestInvoker.invokeTestMethod(TestInvoker.java:227)
at org.testng.internal.invokers.MethodRunner.runInSequence(MethodRunner.java:50)
at org.testng.internal.invokers.TestInvoker$MethodInvocationAgent.invoke(TestInvoker.java:957)
at org.testng.internal.invokers.TestInvoker.invokeTestMethods(TestInvoker.java:200)
at org.testng.internal.invokers.TestMethodWorker.invokeTestMethods(TestMethodWorker.java:148)
at org.testng.internal.invokers.TestMethodWorker.run(TestMethodWorker.java:128)
at java.base/java.util.ArrayList.forEach(ArrayList.java:1596)
at org.testng.TestRunner.privateRun(TestRunner.java:848)
at org.testng.TestRunner.run(TestRunner.java:621)
at org.testng.SuiteRunner.runTest(SuiteRunner.java:443)
at org.testng.SuiteRunner.runSequentially(SuiteRunner.java:437)
at org.testng.SuiteRunner.privateRun(SuiteRunner.java:397)
at org.testng.SuiteRunner.run(SuiteRunner.java:336)
at org.testng.SuiteRunnerWorker.runSuite(SuiteRunnerWorker.java:52)
at org.testng.SuiteRunnerWorker.run(SuiteRunnerWorker.java:95)
at org.testng.TestNG.runSuitesSequentially(TestNG.java:1280)
at org.testng.TestNG.runSuitesLocally(TestNG.java:1200)
at org.testng.TestNG.runSuites(TestNG.java:1114)
at org.testng.TestNG.run(TestNG.java:1082)
at org.testng.remote.AbstractRemoteTestNG.run(AbstractRemoteTestNG.java:115)
at org.testng.remote.RemoteTestNG.initAndRun(RemoteTestNG.java:293)
at org.testng.remote.RemoteTestNG.main(RemoteTestNG.java:91)
]]>
            </full-stacktrace>
          </exception> <!-- org.testng.SkipException -->
          <reporter-output>
          </reporter-output>
        </test-method> <!-- startTest -->
        <test-method signature="testApiResponsePerformance()[pri:2, instance:com.automation.tests.PerformanceTests@4152d38d]" started-at="2026-02-22T21:12:24 IST" name="testApiResponsePerformance" finished-at="2026-02-22T21:12:24 IST" duration-ms="0" status="SKIP">
          <exception class="org.testng.SkipException">
            <message>
              <![CDATA[API Testing is disabled in config.]]>
            </message>
            <full-stacktrace>
              <![CDATA[org.testng.SkipException: API Testing is disabled in config.
at com.automation.tests.BaseTest.checkToggle(BaseTest.java:55)
at com.automation.tests.BaseTest.startTest(BaseTest.java:49)
at java.base/jdk.internal.reflect.DirectMethodHandleAccessor.invoke(DirectMethodHandleAccessor.java:103)
at java.base/java.lang.reflect.Method.invoke(Method.java:580)
at org.testng.internal.invokers.MethodInvocationHelper.invokeMethod(MethodInvocationHelper.java:139)
at org.testng.internal.invokers.MethodInvocationHelper.invokeMethodConsideringTimeout(MethodInvocationHelper.java:69)
at org.testng.internal.invokers.ConfigInvoker.invokeConfigurationMethod(ConfigInvoker.java:390)
at org.testng.internal.invokers.ConfigInvoker.invokeConfigurations(ConfigInvoker.java:325)
at org.testng.internal.invokers.TestInvoker.runConfigMethods(TestInvoker.java:810)
at org.testng.internal.invokers.TestInvoker.invokeMethod(TestInvoker.java:577)
at org.testng.internal.invokers.TestInvoker.invokeTestMethod(TestInvoker.java:227)
at org.testng.internal.invokers.MethodRunner.runInSequence(MethodRunner.java:50)
at org.testng.internal.invokers.TestInvoker$MethodInvocationAgent.invoke(TestInvoker.java:957)
at org.testng.internal.invokers.TestInvoker.invokeTestMethods(TestInvoker.java:200)
at org.testng.internal.invokers.TestMethodWorker.invokeTestMethods(TestMethodWorker.java:148)
at org.testng.internal.invokers.TestMethodWorker.run(TestMethodWorker.java:128)
at java.base/java.util.ArrayList.forEach(ArrayList.java:1596)
at org.testng.TestRunner.privateRun(TestRunner.java:848)
at org.testng.TestRunner.run(TestRunner.java:621)
at org.testng.SuiteRunner.runTest(SuiteRunner.java:443)
at org.testng.SuiteRunner.runSequentially(SuiteRunner.java:437)
at org.testng.SuiteRunner.privateRun(SuiteRunner.java:397)
at org.testng.SuiteRunner.run(SuiteRunner.java:336)
at org.testng.SuiteRunnerWorker.runSuite(SuiteRunnerWorker.java:52)
at org.testng.SuiteRunnerWorker.run(SuiteRunnerWorker.java:95)
at org.testng.TestNG.runSuitesSequentially(TestNG.java:1280)
at org.testng.TestNG.runSuitesLocally(TestNG.java:1200)
at org.testng.TestNG.runSuites(TestNG.java:1114)
at org.testng.TestNG.run(TestNG.java:1082)
at org.testng.remote.AbstractRemoteTestNG.run(AbstractRemoteTestNG.java:115)
at org.testng.remote.RemoteTestNG.initAndRun(RemoteTestNG.java:293)
at org.testng.remote.RemoteTestNG.main(RemoteTestNG.java:91)
]]>
            </full-stacktrace>
          </exception> <!-- org.testng.SkipException -->
          <reporter-output>
          </reporter-output>
        </test-method> <!-- testApiResponsePerformance -->
        <test-method is-config="true" signature="tearDown(org.testng.ITestResult)[pri:0, instance:com.automation.tests.PerformanceTests@4152d38d]" started-at="2026-02-22T21:12:24 IST" name="tearDown" finished-at="2026-02-22T21:12:24 IST" duration-ms="0" status="PASS">
          <params>
            <param index="0">
              <value>
                <![CDATA[[TestResult name={null} status=CREATED method=PerformanceTests.testApiResponsePerformance()[pri:2, instance:com.automation.tests.PerformanceTests@4152d38d] output={null}]]]>
              </value>
            </param>
          </params>
          <reporter-output>
          </reporter-output>
        </test-method> <!-- tearDown -->
      </class> <!-- com.automation.tests.PerformanceTests -->
      <class name="com.automation.tests.MasterSuiteTests">
        <test-method is-config="true" signature="setupSuite()[pri:0, instance:com.automation.tests.MasterSuiteTests@578524c3]" started-at="2026-02-22T21:10:48 IST" name="setupSuite" finished-at="2026-02-22T21:10:49 IST" duration-ms="230" status="PASS">
          <reporter-output>
          </reporter-output>
        </test-method> <!-- setupSuite -->
        <test-method is-config="true" signature="startTest(java.lang.reflect.Method)[pri:0, instance:com.automation.tests.MasterSuiteTests@578524c3]" started-at="2026-02-22T21:10:49 IST" name="startTest" finished-at="2026-02-22T21:10:49 IST" duration-ms="6" status="PASS">
          <params>
            <param index="0">
              <value>
                <![CDATA[public void com.automation.tests.MasterSuiteTests.verifyOrangeHrmLoginDDT(java.lang.String,java.lang.String) throws java.net.MalformedURLException]]>
              </value>
            </param>
          </params>
          <reporter-output>
          </reporter-output>
        </test-method> <!-- startTest -->
        <test-method signature="verifyOrangeHrmLoginDDT(java.lang.String,java.lang.String)[pri:1, instance:com.automation.tests.MasterSuiteTests@578524c3]" started-at="2026-02-22T21:10:49 IST" name="verifyOrangeHrmLoginDDT" data-provider="loginCredentials" finished-at="2026-02-22T21:11:00 IST" duration-ms="10810" status="PASS">
          <params>
            <param index="0">
              <value>
                <![CDATA[Admin]]>
              </value>
            </param>
            <param index="1">
              <value>
                <![CDATA[admin123]]>
              </value>
            </param>
          </params>
          <reporter-output>
          </reporter-output>
        </test-method> <!-- verifyOrangeHrmLoginDDT -->
        <test-method is-config="true" signature="tearDown(org.testng.ITestResult)[pri:0, instance:com.automation.tests.MasterSuiteTests@578524c3]" started-at="2026-02-22T21:11:00 IST" name="tearDown" finished-at="2026-02-22T21:11:00 IST" duration-ms="180" status="PASS">
          <params>
            <param index="0">
              <value>
                <![CDATA[[TestResult name=verifyOrangeHrmLoginDDT status=SUCCESS method=MasterSuiteTests.verifyOrangeHrmLoginDDT(java.lang.String,java.lang.String)[pri:1, instance:com.automation.tests.MasterSuiteTests@578524c3] output={null}]]]>
              </value>
            </param>
          </params>
          <reporter-output>
          </reporter-output>
        </test-method> <!-- tearDown -->
        <test-method is-config="true" signature="startTest(java.lang.reflect.Method)[pri:0, instance:com.automation.tests.MasterSuiteTests@578524c3]" started-at="2026-02-22T21:11:00 IST" name="startTest" finished-at="2026-02-22T21:11:00 IST" duration-ms="1" status="PASS">
          <params>
            <param index="0">
              <value>
                <![CDATA[public void com.automation.tests.MasterSuiteTests.verifyOrangeHrmLoginDDT(java.lang.String,java.lang.String) throws java.net.MalformedURLException]]>
              </value>
            </param>
          </params>
          <reporter-output>
          </reporter-output>
        </test-method> <!-- startTest -->
        <test-method signature="verifyOrangeHrmLoginDDT(java.lang.String,java.lang.String)[pri:1, instance:com.automation.tests.MasterSuiteTests@578524c3]" started-at="2026-02-22T21:11:00 IST" name="verifyOrangeHrmLoginDDT" data-provider="loginCredentials" finished-at="2026-02-22T21:11:23 IST" duration-ms="22764" status="PASS">
          <params>
            <param index="0">
              <value>
                <![CDATA[InvalidUser]]>
              </value>
            </param>
            <param index="1">
              <value>
                <![CDATA[admin123]]>
              </value>
            </param>
          </params>
          <reporter-output>
          </reporter-output>
        </test-method> <!-- verifyOrangeHrmLoginDDT -->
        <test-method is-config="true" signature="tearDown(org.testng.ITestResult)[pri:0, instance:com.automation.tests.MasterSuiteTests@578524c3]" started-at="2026-02-22T21:11:23 IST" name="tearDown" finished-at="2026-02-22T21:11:23 IST" duration-ms="201" status="PASS">
          <params>
            <param index="0">
              <value>
                <![CDATA[[TestResult name=verifyOrangeHrmLoginDDT status=SUCCESS method=MasterSuiteTests.verifyOrangeHrmLoginDDT(java.lang.String,java.lang.String)[pri:1, instance:com.automation.tests.MasterSuiteTests@578524c3] output={null}]]]>
              </value>
            </param>
          </params>
          <reporter-output>
          </reporter-output>
        </test-method> <!-- tearDown -->
        <test-method signature="verifyOrangeHrmLoginDDT(java.lang.String,java.lang.String)[pri:1, instance:com.automation.tests.MasterSuiteTests@578524c3]" started-at="2026-02-22T21:11:23 IST" name="verifyOrangeHrmLoginDDT" data-provider="loginCredentials" finished-at="2026-02-22T21:11:45 IST" duration-ms="21545" status="PASS">
          <params>
            <param index="0">
              <value>
                <![CDATA[Admin]]>
              </value>
            </param>
            <param index="1">
              <value>
                <![CDATA[wrongpass]]>
              </value>
            </param>
          </params>
          <reporter-output>
          </reporter-output>
        </test-method> <!-- verifyOrangeHrmLoginDDT -->
        <test-method is-config="true" signature="startTest(java.lang.reflect.Method)[pri:0, instance:com.automation.tests.MasterSuiteTests@578524c3]" started-at="2026-02-22T21:11:23 IST" name="startTest" finished-at="2026-02-22T21:11:23 IST" duration-ms="0" status="PASS">
          <params>
            <param index="0">
              <value>
                <![CDATA[public void com.automation.tests.MasterSuiteTests.verifyOrangeHrmLoginDDT(java.lang.String,java.lang.String) throws java.net.MalformedURLException]]>
              </value>
            </param>
          </params>
          <reporter-output>
          </reporter-output>
        </test-method> <!-- startTest -->
        <test-method is-config="true" signature="tearDown(org.testng.ITestResult)[pri:0, instance:com.automation.tests.MasterSuiteTests@578524c3]" started-at="2026-02-22T21:11:45 IST" name="tearDown" finished-at="2026-02-22T21:11:45 IST" duration-ms="226" status="PASS">
          <params>
            <param index="0">
              <value>
                <![CDATA[[TestResult name=verifyOrangeHrmLoginDDT status=SUCCESS method=MasterSuiteTests.verifyOrangeHrmLoginDDT(java.lang.String,java.lang.String)[pri:1, instance:com.automation.tests.MasterSuiteTests@578524c3] output={null}]]]>
              </value>
            </param>
          </params>
          <reporter-output>
          </reporter-output>
        </test-method> <!-- tearDown -->
        <test-method is-config="true" signature="startTest(java.lang.reflect.Method)[pri:0, instance:com.automation.tests.MasterSuiteTests@578524c3]" started-at="2026-02-22T21:11:45 IST" name="startTest" finished-at="2026-02-22T21:11:45 IST" duration-ms="1" status="PASS">
          <params>
            <param index="0">
              <value>
                <![CDATA[public void com.automation.tests.MasterSuiteTests.verifyOrangeHrmLoginDDT(java.lang.String,java.lang.String) throws java.net.MalformedURLException]]>
              </value>
            </param>
          </params>
          <reporter-output>
          </reporter-output>
        </test-method> <!-- startTest -->
        <test-method signature="verifyOrangeHrmLoginDDT(java.lang.String,java.lang.String)[pri:1, instance:com.automation.tests.MasterSuiteTests@578524c3]" started-at="2026-02-22T21:11:45 IST" name="verifyOrangeHrmLoginDDT" data-provider="loginCredentials" finished-at="2026-02-22T21:12:08 IST" duration-ms="23013" status="PASS">
          <params>
            <param index="0">
              <value>
                <![CDATA[empty]]>
              </value>
            </param>
            <param index="1">
              <value>
                <![CDATA[empty]]>
              </value>
            </param>
          </params>
          <reporter-output>
          </reporter-output>
        </test-method> <!-- verifyOrangeHrmLoginDDT -->
        <test-method is-config="true" signature="tearDown(org.testng.ITestResult)[pri:0, instance:com.automation.tests.MasterSuiteTests@578524c3]" started-at="2026-02-22T21:12:08 IST" name="tearDown" finished-at="2026-02-22T21:12:08 IST" duration-ms="219" status="PASS">
          <params>
            <param index="0">
              <value>
                <![CDATA[[TestResult name=verifyOrangeHrmLoginDDT status=SUCCESS method=MasterSuiteTests.verifyOrangeHrmLoginDDT(java.lang.String,java.lang.String)[pri:1, instance:com.automation.tests.MasterSuiteTests@578524c3] output={null}]]]>
              </value>
            </param>
          </params>
          <reporter-output>
          </reporter-output>
        </test-method> <!-- tearDown -->
        <test-method signature="verifyOrangeHrmMobileView()[pri:2, instance:com.automation.tests.MasterSuiteTests@578524c3]" started-at="2026-02-22T21:12:08 IST" name="verifyOrangeHrmMobileView" finished-at="2026-02-22T21:12:19 IST" duration-ms="10248" status="PASS">
          <reporter-output>
          </reporter-output>
        </test-method> <!-- verifyOrangeHrmMobileView -->
        <test-method is-config="true" signature="startTest(java.lang.reflect.Method)[pri:0, instance:com.automation.tests.MasterSuiteTests@578524c3]" started-at="2026-02-22T21:12:08 IST" name="startTest" finished-at="2026-02-22T21:12:08 IST" duration-ms="0" status="PASS">
          <params>
            <param index="0">
              <value>
                <![CDATA[public void com.automation.tests.MasterSuiteTests.verifyOrangeHrmMobileView() throws java.net.MalformedURLException]]>
              </value>
            </param>
          </params>
          <reporter-output>
          </reporter-output>
        </test-method> <!-- startTest -->
        <test-method is-config="true" signature="tearDown(org.testng.ITestResult)[pri:0, instance:com.automation.tests.MasterSuiteTests@578524c3]" started-at="2026-02-22T21:12:19 IST" name="tearDown" finished-at="2026-02-22T21:12:19 IST" duration-ms="247" status="PASS">
          <params>
            <param index="0">
              <value>
                <![CDATA[[TestResult name=verifyOrangeHrmMobileView status=SUCCESS method=MasterSuiteTests.verifyOrangeHrmMobileView()[pri:2, instance:com.automation.tests.MasterSuiteTests@578524c3] output={null}]]]>
              </value>
            </param>
          </params>
          <reporter-output>
          </reporter-output>
        </test-method> <!-- tearDown -->
        <test-method is-config="true" signature="generateReport()[pri:0, instance:com.automation.tests.MasterSuiteTests@578524c3]" started-at="2026-02-22T21:12:24 IST" name="generateReport" finished-at="2026-02-22T21:12:25 IST" duration-ms="293" status="PASS">
          <reporter-output>
          </reporter-output>
        </test-method> <!-- generateReport -->
      </class> <!-- com.automation.tests.MasterSuiteTests -->
    </test> <!-- Functional and Performance Tests -->
  </suite> <!-- Hybrid Framework Suite -->
</testng-results>
