<?xml version="1.0" encoding="UTF-8"?>
<!-- Generated by org.testng.reporters.JUnitReportReporter -->
<testsuite hostname="HP" failures="0" tests="5" name="com.automation.tests.MasterSuiteTests" time="90.148" errors="0" timestamp="2026-02-22T22:31:33 IST" skipped="0">
  <testcase classname="com.automation.tests.MasterSuiteTests" name="verifyOrangeHrmLoginDDT" time="23.782"/>
  <testcase classname="com.automation.tests.MasterSuiteTests" name="verifyOrangeHrmLoginDDT" time="23.344"/>
  <testcase classname="com.automation.tests.MasterSuiteTests" name="verifyOrangeHrmLoginDDT" time="21.176"/>
  <testcase classname="com.automation.tests.MasterSuiteTests" name="verifyOrangeHrmLoginDDT" time="11.461"/>
  <testcase classname="com.automation.tests.MasterSuiteTests" name="verifyOrangeHrmMobileView" time="10.385"/>
</testsuite> <!-- com.automation.tests.MasterSuiteTests -->
