<?xml version="1.0" encoding="UTF-8"?>
<!-- Generated by org.testng.reporters.JUnitReportReporter -->
<testsuite hostname="HP" failures="0" tests="2" name="com.automation.tests.PerformanceTests" time="5.392" errors="0" timestamp="2026-02-22T21:12:25 IST" skipped="1">
  <testcase classname="com.automation.tests.PerformanceTests" name="testWebPageLoadPerformance" time="5.198"/>
  <testcase classname="com.automation.tests.PerformanceTests" name="testApiResponsePerformance" time="0.194">
    <skipped/>
  </testcase> <!-- testApiResponsePerformance -->
</testsuite> <!-- com.automation.tests.PerformanceTests -->
