<?xml version="1.0" encoding="UTF-8"?>
<!-- Generated by org.testng.reporters.JUnitReportReporter -->
<testsuite hostname="HP" failures="0" tests="5" name="com.automation.tests.MasterSuiteTests" time="89.461" errors="0" timestamp="2026-02-22T21:12:25 IST" skipped="0">
  <testcase classname="com.automation.tests.MasterSuiteTests" name="verifyOrangeHrmLoginDDT" time="21.731"/>
  <testcase classname="com.automation.tests.MasterSuiteTests" name="verifyOrangeHrmLoginDDT" time="11.012"/>
  <testcase classname="com.automation.tests.MasterSuiteTests" name="verifyOrangeHrmLoginDDT" time="23.239"/>
  <testcase classname="com.automation.tests.MasterSuiteTests" name="verifyOrangeHrmLoginDDT" time="23.012"/>
  <testcase classname="com.automation.tests.MasterSuiteTests" name="verifyOrangeHrmMobileView" time="10.467"/>
</testsuite> <!-- com.automation.tests.MasterSuiteTests -->
