<?xml version="1.0" encoding="UTF-8"?>
<!-- Generated by org.testng.reporters.JUnitXMLReporter -->
<testsuite ignored="2" hostname="HP" failures="0" tests="4" name="All Tests" time="34.387" errors="0" timestamp="2026-02-23T00:15:12 IST">
  <testcase classname="com.automation.tests.BaseTest" name="@BeforeMethod startTest" time="0.014">
    <skipped/>
  </testcase> <!-- @BeforeMethod startTest -->
  <testcase classname="com.automation.tests.PerformanceTests" name="testApiResponsePerformance" time="0.0">
    <skipped/>
  </testcase> <!-- testApiResponsePerformance -->
  <testcase classname="com.automation.tests.MasterSuiteTests" name="verifyOrangeHrmQuickLaunch" time="19.334"/>
  <testcase classname="com.automation.tests.PerformanceTests" name="testWebPageLoadPerformance" time="24.384"/>
  <testcase classname="com.automation.tests.MasterSuiteTests" name="verifyOrangeHrmMobileView" time="34.199"/>
  <testcase classname="com.automation.tests.BaseTest" name="@AfterSuite generateReport" time="0.0">
    <ignored/>
  </testcase> <!-- @AfterSuite generateReport -->
  <testcase classname="com.automation.tests.BaseTest" name="@BeforeSuite setupSuite" time="0.0">
    <ignored/>
  </testcase> <!-- @BeforeSuite setupSuite -->
</testsuite> <!-- All Tests -->
