<?xml version="1.0" encoding="UTF-8"?>
<!-- Generated by org.testng.reporters.JUnitXMLReporter -->
<testsuite ignored="0" hostname="HP" failures="0" tests="5" name="All Tests" time="96.937" errors="0" timestamp="2026-02-22T21:04:46 IST">
  <testcase classname="com.automation.tests.MasterSuiteTests" name="verifyOrangeHrmLoginDDT" time="12.085"/>
  <testcase classname="com.automation.tests.MasterSuiteTests" name="verifyOrangeHrmLoginDDT" time="24.118"/>
  <testcase classname="com.automation.tests.MasterSuiteTests" name="verifyOrangeHrmLoginDDT" time="25.022"/>
  <testcase classname="com.automation.tests.MasterSuiteTests" name="verifyOrangeHrmLoginDDT" time="23.384"/>
  <testcase classname="com.automation.tests.MasterSuiteTests" name="verifyOrangeHrmMobileView" time="10.563"/>
</testsuite> <!-- All Tests -->
