<?xml version="1.0" encoding="UTF-8"?>
<!-- Generated by org.testng.reporters.JUnitXMLReporter -->
<testsuite ignored="2" hostname="HP" failures="0" tests="7" name="Functional and Performance Tests" time="95.93" errors="0" timestamp="2026-02-22T22:31:33 IST">
  <testcase classname="com.automation.tests.BaseTest" name="@BeforeMethod startTest" time="0.001">
    <skipped/>
  </testcase> <!-- @BeforeMethod startTest -->
  <testcase classname="com.automation.tests.MasterSuiteTests" name="verifyOrangeHrmLoginDDT" time="11.245"/>
  <testcase classname="com.automation.tests.MasterSuiteTests" name="verifyOrangeHrmLoginDDT" time="20.983"/>
  <testcase classname="com.automation.tests.MasterSuiteTests" name="verifyOrangeHrmLoginDDT" time="23.602"/>
  <testcase classname="com.automation.tests.MasterSuiteTests" name="verifyOrangeHrmLoginDDT" time="23.144"/>
  <testcase classname="com.automation.tests.MasterSuiteTests" name="verifyOrangeHrmMobileView" time="10.18"/>
  <testcase classname="com.automation.tests.PerformanceTests" name="testWebPageLoadPerformance" time="4.788"/>
  <testcase classname="com.automation.tests.PerformanceTests" name="testApiResponsePerformance" time="0.0">
    <skipped/>
  </testcase> <!-- testApiResponsePerformance -->
  <testcase classname="com.automation.tests.BaseTest" name="@AfterSuite generateReport" time="0.0">
    <ignored/>
  </testcase> <!-- @AfterSuite generateReport -->
  <testcase classname="com.automation.tests.BaseTest" name="@BeforeSuite setupSuite" time="0.0">
    <ignored/>
  </testcase> <!-- @BeforeSuite setupSuite -->
</testsuite> <!-- Functional and Performance Tests -->
