<?xml version="1.0" encoding="UTF-8"?>
<!-- Generated by org.testng.reporters.JUnitXMLReporter -->
<testsuite ignored="2" hostname="HP" failures="0" tests="7" name="Functional and Performance Tests" time="95.585" errors="0" timestamp="2026-02-22T21:12:24 IST">
  <testcase classname="com.automation.tests.BaseTest" name="@BeforeMethod startTest" time="0.001">
    <skipped/>
  </testcase> <!-- @BeforeMethod startTest -->
  <testcase classname="com.automation.tests.MasterSuiteTests" name="verifyOrangeHrmLoginDDT" time="10.81"/>
  <testcase classname="com.automation.tests.MasterSuiteTests" name="verifyOrangeHrmLoginDDT" time="22.764"/>
  <testcase classname="com.automation.tests.MasterSuiteTests" name="verifyOrangeHrmLoginDDT" time="21.545"/>
  <testcase classname="com.automation.tests.MasterSuiteTests" name="verifyOrangeHrmLoginDDT" time="23.013"/>
  <testcase classname="com.automation.tests.MasterSuiteTests" name="verifyOrangeHrmMobileView" time="10.248"/>
  <testcase classname="com.automation.tests.PerformanceTests" name="testWebPageLoadPerformance" time="5.197"/>
  <testcase classname="com.automation.tests.PerformanceTests" name="testApiResponsePerformance" time="0.0">
    <skipped/>
  </testcase> <!-- testApiResponsePerformance -->
  <testcase classname="com.automation.tests.BaseTest" name="@AfterSuite generateReport" time="0.0">
    <ignored/>
  </testcase> <!-- @AfterSuite generateReport -->
  <testcase classname="com.automation.tests.BaseTest" name="@BeforeSuite setupSuite" time="0.0">
    <ignored/>
  </testcase> <!-- @BeforeSuite setupSuite -->
</testsuite> <!-- Functional and Performance Tests -->
